0 info it worked if it ends with ok
1 verbose cli [ 'C:\\Program Files\\nodejs\\node.exe',
1 verbose cli   'C:\\Program Files\\nodejs\\node_modules\\npm\\bin\\npm-cli.js',
1 verbose cli   'start' ]
2 info using npm@3.10.10
3 info using node@v6.11.2
4 verbose run-script [ 'prestart', 'start', 'poststart' ]
5 info lifecycle client-management-system@0.0.0~prestart: client-management-system@0.0.0
6 silly lifecycle client-management-system@0.0.0~prestart: no script for prestart, continuing
7 info lifecycle client-management-system@0.0.0~start: client-management-system@0.0.0
8 verbose lifecycle client-management-system@0.0.0~start: unsafe-perm in lifecycle true
9 verbose lifecycle client-management-system@0.0.0~start: PATH: C:\Program Files\nodejs\node_modules\npm\bin\node-gyp-bin;B:\MyProjects\Udemy\BradTraversy\ClientManagementSystem\node_modules\.bin;B:\app\OracleHomeUser1\product\12.1.0\dbhome_3\bin;B:\app\OracleHomeUser1\product\12.1.0\dbhome_2\bin;C:\ProgramData\Oracle\Java\javapath;C:\Program Files\Broadcom\Broadcom 802.11 Network Adapter;C:\Program Files (x86)\Intel\iCLS Client\;C:\Program Files\Intel\iCLS Client\;C:\WINDOWS\system32;C:\WINDOWS;C:\WINDOWS\System32\Wbem;C:\WINDOWS\System32\WindowsPowerShell\v1.0\;C:\Program Files (x86)\Intel\Intel(R) Management Engine Components\DAL;C:\Program Files\Intel\Intel(R) Management Engine Components\DAL;C:\Program Files (x86)\Intel\Intel(R) Management Engine Components\IPT;C:\Program Files\Intel\Intel(R) Management Engine Components\IPT;C:\Program Files\Java\jdk1.8.0_121\bin;C:\Program Files (x86)\Skype\Phone\;C:\Program Files\Microsoft SQL Server\Client SDK\ODBC\130\Tools\Binn\;C:\Program Files (x86)\Microsoft SQL Server\130\Tools\Binn\;C:\Program Files\Microsoft SQL Server\130\Tools\Binn\;C:\Program Files\Microsoft SQL Server\130\DTS\Binn\;C:\Program Files\nodejs\;C:\Program Files\Git\cmd;C:\Program Files\dotnet\;C:\Program Files (x86)\Microsoft SQL Server\Client SDK\ODBC\130\Tools\Binn\;C:\Program Files (x86)\Microsoft SQL Server\140\Tools\Binn\;C:\Program Files (x86)\Microsoft SQL Server\140\DTS\Binn\;C:\Program Files (x86)\Microsoft SQL Server\140\Tools\Binn\ManagementStudio\;C:\Users\patil\AppData\Local\Programs\Python\Python36\Scripts\;C:\Users\patil\AppData\Local\Programs\Python\Python36\;C:\Users\patil\AppData\Local\Microsoft\WindowsApps;C:\Program Files\Java\jdk1.8.0_121\bin;C:\spark\bin;C:\zookeeper-3.4.10\bin;C:\Program Files (x86)\Microsoft VS Code\bin;C:\apache-maven-3.5.0-bin\apache-maven-3.5.0\bin;C:\Users\patil\AppData\Local\atom\bin;C:\ProgramData\patil\atom\bin;C:\Users\patil\AppData\Roaming\npm;C:\Program Files\Heroku\bin
10 verbose lifecycle client-management-system@0.0.0~start: CWD: B:\MyProjects\Udemy\BradTraversy\ClientManagementSystem
11 silly lifecycle client-management-system@0.0.0~start: Args: [ '/d /s /c', 'ng serve' ]
12 silly lifecycle client-management-system@0.0.0~start: Returned: code: 3221225786  signal: null
13 info lifecycle client-management-system@0.0.0~start: Failed to exec start script
14 verbose stack Error: client-management-system@0.0.0 start: `ng serve`
14 verbose stack Exit status 3221225786
14 verbose stack     at EventEmitter.<anonymous> (C:\Program Files\nodejs\node_modules\npm\lib\utils\lifecycle.js:255:16)
14 verbose stack     at emitTwo (events.js:106:13)
14 verbose stack     at EventEmitter.emit (events.js:191:7)
14 verbose stack     at ChildProcess.<anonymous> (C:\Program Files\nodejs\node_modules\npm\lib\utils\spawn.js:40:14)
14 verbose stack     at emitTwo (events.js:106:13)
14 verbose stack     at ChildProcess.emit (events.js:191:7)
14 verbose stack     at maybeClose (internal/child_process.js:891:16)
14 verbose stack     at Process.ChildProcess._handle.onexit (internal/child_process.js:226:5)
15 verbose pkgid client-management-system@0.0.0
16 verbose cwd B:\MyProjects\Udemy\BradTraversy\ClientManagementSystem
17 error Windows_NT 10.0.14393
18 error argv "C:\\Program Files\\nodejs\\node.exe" "C:\\Program Files\\nodejs\\node_modules\\npm\\bin\\npm-cli.js" "start"
19 error node v6.11.2
20 error npm  v3.10.10
21 error code ELIFECYCLE
22 error client-management-system@0.0.0 start: `ng serve`
22 error Exit status 3221225786
23 error Failed at the client-management-system@0.0.0 start script 'ng serve'.
23 error Make sure you have the latest version of node.js and npm installed.
23 error If you do, this is most likely a problem with the client-management-system package,
23 error not with npm itself.
23 error Tell the author that this fails on your system:
23 error     ng serve
23 error You can get information on how to open an issue for this project with:
23 error     npm bugs client-management-system
23 error Or if that isn't available, you can get their info via:
23 error     npm owner ls client-management-system
23 error There is likely additional logging output above.
24 verbose exit [ 1, true ]
